2025-03-06 13:07:38,916 - INFO - start polling
2025-03-06 13:18:10,545 - INFO - start polling
2025-03-06 13:57:22,619 - INFO - start polling
2025-03-06 13:57:40,940 - INFO - Пользователь 595469290 (Sandbergg) отправил: Леша пуси
2025-03-07 20:08:49,874 - INFO - start polling
2025-03-07 20:09:47,794 - INFO - Пользователь 595469290 (Sandbergg) отправил: fdgdfgd
2025-03-07 20:09:50,257 - INFO - Пользователь 595469290 (Sandbergg) отправил: /reg
2025-03-07 20:10:03,635 - INFO - Пользователь 595469290 (Sandbergg) отправил: reg
2025-03-07 20:13:46,517 - INFO - Пользователь 595469290 (Sandbergg) отправил: /reg
2025-03-07 20:16:53,099 - INFO - start polling
2025-03-07 20:17:03,419 - INFO - Пользователь 595469290 (Sandbergg) зарегестрировался.
2025-03-07 20:17:07,696 - INFO - Пользователь 595469290 (Sandbergg) ввёл имя: Кирилл
2025-03-07 20:19:20,217 - INFO - Пользователь 595469290 (Sandbergg) ввёл имя: вапва
2025-03-07 20:19:23,120 - INFO - Пользователь 595469290 (Sandbergg) ввёл имя: пвапва
2025-03-07 20:23:23,296 - INFO - start polling
2025-03-07 20:23:34,055 - INFO - Пользователь 595469290 (Sandbergg) начал регистрацию.
2025-03-07 20:23:39,162 - INFO - Пользователь 595469290 (Sandbergg) ввёл имя: Лешенька
2025-03-07 21:02:02,030 - INFO - start polling
2025-03-07 21:04:04,249 - INFO - start polling
2025-03-07 21:04:27,341 - INFO - start polling
2025-03-07 21:04:33,364 - INFO - Пользователь 595469290 (Sandbergg) начал регистрацию.
2025-03-07 21:04:35,812 - INFO - Пользователь 595469290 (Sandbergg) ввёл имя: Лешка
2025-03-07 21:04:37,952 - INFO - Пользователь 595469290 (Sandbergg) отправил: пввпа
2025-03-08 02:00:19,852 - INFO - start polling
2025-03-08 02:00:28,628 - INFO - Пользователь 595469290 (Sandbergg) начал регистрацию.
2025-03-08 02:00:33,071 - INFO - Пользователь 595469290 (Sandbergg) ввёл имя: Абдула
2025-03-08 02:00:36,333 - INFO - Пользователь 595469290 (Sandbergg) отправил: 18
2025-03-08 02:25:41,861 - INFO - start polling
2025-03-08 02:25:50,861 - INFO - Пользователь 595469290 (Sandbergg) начал регистрацию.
2025-03-08 02:26:08,854 - INFO - Пользователь 595469290 (Sandbergg) ввёл имя: Эндермен
2025-03-08 02:26:14,289 - INFO - Пользователь 595469290 (Sandbergg) ввёл возраст: 18
2025-03-08 02:26:18,603 - INFO - Пользователь 595469290 (Sandbergg) Рассказал о себе: Я эндермен
2025-03-08 02:26:18,603 - INFO - Пользователь 595469290 (Sandbergg) успешно зарегистрировался
2025-03-08 02:29:57,747 - INFO - Пользователь 595469290 (Sandbergg) начал регистрацию.
2025-03-08 02:30:00,817 - INFO - Пользователь 595469290 (Sandbergg) ввёл имя: fdgdf
2025-03-08 02:30:12,974 - INFO - Пользователь 595469290 (Sandbergg) ввёл возраст: 34
2025-03-08 02:30:15,400 - INFO - Пользователь 595469290 (Sandbergg) Рассказал о себе: gz
2025-03-08 02:30:15,400 - INFO - Пользователь 595469290 (Sandbergg) успешно зарегистрировался
2025-03-08 02:32:22,051 - INFO - start polling
2025-03-08 02:32:28,723 - INFO - Пользователь 595469290 (Sandbergg) начал регистрацию.
2025-03-08 02:32:30,528 - INFO - Пользователь 595469290 (Sandbergg) ввёл имя: fdg
2025-03-08 02:33:12,035 - INFO - start polling
2025-03-08 02:33:15,999 - INFO - Пользователь 595469290 (Sandbergg) начал регистрацию.
2025-03-08 02:33:20,636 - INFO - Пользователь 595469290 (Sandbergg) ввёл имя: Астаф
2025-03-08 02:35:13,083 - INFO - start polling
2025-03-08 02:35:17,028 - INFO - Пользователь 595469290 (Sandbergg) начал регистрацию.
2025-03-08 02:35:19,937 - INFO - Пользователь 595469290 (Sandbergg) ввёл имя: Остап
2025-03-08 02:36:04,147 - INFO - start polling
2025-03-08 02:36:08,063 - INFO - Пользователь 595469290 (Sandbergg) начал регистрацию.
2025-03-08 02:36:10,446 - INFO - Пользователь 595469290 (Sandbergg) ввёл имя: Парфен
2025-03-08 02:36:18,394 - INFO - Пользователь 595469290 (Sandbergg) ввёл возраст: 45
2025-03-08 02:36:25,579 - INFO - Пользователь 595469290 (Sandbergg) Рассказал о себе: Я Остап
2025-03-08 02:36:25,579 - INFO - Пользователь 595469290 (Sandbergg) успешно зарегистрировался
2025-03-08 02:43:50,903 - INFO - start polling
2025-03-08 02:45:16,069 - INFO - start polling
2025-03-08 02:49:50,977 - INFO - start polling
2025-03-08 02:52:45,771 - INFO - start polling
2025-03-08 02:54:38,458 - INFO - start polling
2025-03-08 02:54:48,337 - INFO - Пользователь 595469290 (Sandbergg) отправил: message_id=142 date=datetime.datetime(2025, 3, 7, 23, 54, 46, tzinfo=TzInfo(UTC)) chat=Chat(id=595469290, type='private', title=None, username='Sandbergg', first_name='Кирилл', last_name=None, is_forum=None, accent_color_id=None, active_usernames=None, available_reactions=None, background_custom_emoji_id=None, bio=None, birthdate=None, business_intro=None, business_location=None, business_opening_hours=None, can_set_sticker_set=None, custom_emoji_sticker_set_name=None, description=None, emoji_status_custom_emoji_id=None, emoji_status_expiration_date=None, has_aggressive_anti_spam_enabled=None, has_hidden_members=None, has_private_forwards=None, has_protected_content=None, has_restricted_voice_and_video_messages=None, has_visible_history=None, invite_link=None, join_by_request=None, join_to_send_messages=None, linked_chat_id=None, location=None, message_auto_delete_time=None, permissions=None, personal_chat=None, photo=None, pinned_message=None, profile_accent_color_id=None, profile_background_custom_emoji_id=None, slow_mode_delay=None, sticker_set_name=None, unrestrict_boost_count=None) message_thread_id=None from_user=User(id=595469290, is_bot=False, first_name='Кирилл', last_name=None, username='Sandbergg', language_code='ru', is_premium=None, added_to_attachment_menu=None, can_join_groups=None, can_read_all_group_messages=None, supports_inline_queries=None, can_connect_to_business=None, has_main_web_app=None) sender_chat=None sender_boost_count=None sender_business_bot=None business_connection_id=None forward_origin=None is_topic_message=None is_automatic_forward=None reply_to_message=None external_reply=None quote=None reply_to_story=None via_bot=None edit_date=None has_protected_content=None is_from_offline=None media_group_id=None author_signature=None text='/start' entities=[MessageEntity(type='bot_command', offset=0, length=6, url=None, user=None, language=None, custom_emoji_id=None)] link_preview_options=None effect_id=None animation=None audio=None document=None paid_media=None photo=None sticker=None story=None video=None video_note=None voice=None caption=None caption_entities=None show_caption_above_media=None has_media_spoiler=None contact=None dice=None game=None poll=None venue=None location=None new_chat_members=None left_chat_member=None new_chat_title=None new_chat_photo=None delete_chat_photo=None group_chat_created=None supergroup_chat_created=None channel_chat_created=None message_auto_delete_timer_changed=None migrate_to_chat_id=None migrate_from_chat_id=None pinned_message=None invoice=None successful_payment=None refunded_payment=None users_shared=None chat_shared=None connected_website=None write_access_allowed=None passport_data=None proximity_alert_triggered=None boost_added=None chat_background_set=None forum_topic_created=None forum_topic_edited=None forum_topic_closed=None forum_topic_reopened=None general_forum_topic_hidden=None general_forum_topic_unhidden=None giveaway_created=None giveaway=None giveaway_winners=None giveaway_completed=None video_chat_scheduled=None video_chat_started=None video_chat_ended=None video_chat_participants_invited=None web_app_data=None reply_markup=None forward_date=None forward_from=None forward_from_chat=None forward_from_message_id=None forward_sender_name=None forward_signature=None user_shared=None
2025-03-08 02:55:22,645 - INFO - start polling
2025-03-08 02:55:29,271 - INFO - Пользователь 595469290 (Sandbergg) отправил: <class 'aiogram.filters.command.Command'>
2025-03-08 02:55:51,510 - INFO - start polling
2025-03-08 02:55:54,595 - INFO - Пользователь 595469290 (Sandbergg) отправил: /start
2025-03-08 02:55:59,308 - INFO - Пользователь 595469290 (Sandbergg) отправил: /red
2025-03-08 02:56:05,451 - INFO - Пользователь 595469290 (Sandbergg) начал регистрацию.
2025-03-08 02:56:12,451 - INFO - Пользователь 595469290 (Sandbergg) ввёл имя: Старый бог
2025-03-08 02:56:16,709 - INFO - Пользователь 595469290 (Sandbergg) ввёл возраст: 50
2025-03-08 02:56:18,754 - INFO - Пользователь 595469290 (Sandbergg) Рассказал о себе: Я молодой
2025-03-08 02:56:18,754 - INFO - Пользователь 595469290 (Sandbergg) успешно зарегистрировался
2025-03-08 19:02:13,621 - INFO - start polling
